# JRE version: Java(TM) SE Runtime Environment (17.0.12+8) (build 17.0.12+8-LTS-286)
# Java VM: Java HotSpot(TM) 64-Bit Server VM (17.0.12+8-LTS-286, mixed mode, sharing, tiered, compressed oops, compressed class ptrs, g1 gc, windows-amd64)
GC Precious Log:
 CPUs: 8 total, 8 available
 Memory: 16157M
 Large Page Support: Disabled
 NUMA Support: Disabled
 Compressed Oops: Enabled (Zero based)
 Heap Region Size: 2M
 Heap Min Capacity: 8M
 Heap Initial Capacity: 254M
 Heap Max Capacity: 4040M
 Pre-touch: Disabled
 Parallel Workers: 8
 Concurrent Workers: 2
 Concurrent Refinement Workers: 8
 Periodic GC: Disabled
Heap:
 garbage-first heap   total 509952K, used 296330K [0x0000000703800000, 0x0000000800000000)
  region size 2048K, 7 young (14336K), 7 survivors (14336K)
 Metaspace       used 89162K, committed 89600K, reserved 1179648K
  class space    used 9093K, committed 9280K, reserved 1048576K
GC Heap History (20 events):
Event: 24.119 GC heap after
{Heap after GC invocations=34 (full 0):
 garbage-first heap   total 319488K, used 147090K [0x0000000703800000, 0x0000000800000000)
  region size 2048K, 2 young (4096K), 2 survivors (4096K)
 Metaspace       used 67092K, committed 67456K, reserved 1114112K
  class space    used 7190K, committed 7360K, reserved 1048576K
}
Event: 25.433 GC heap before
{Heap before GC invocations=34 (full 0):
 garbage-first heap   total 319488K, used 255634K [0x0000000703800000, 0x0000000800000000)
  region size 2048K, 55 young (112640K), 2 survivors (4096K)
 Metaspace       used 67698K, committed 68096K, reserved 1114112K
  class space    used 7233K, committed 7424K, reserved 1048576K
}
Event: 25.458 GC heap after
{Heap after GC invocations=35 (full 0):
 garbage-first heap   total 319488K, used 162623K [0x0000000703800000, 0x0000000800000000)
  region size 2048K, 7 young (14336K), 7 survivors (14336K)
 Metaspace       used 67698K, committed 68096K, reserved 1114112K
  class space    used 7233K, committed 7424K, reserved 1048576K
}
Event: 26.250 GC heap before
{Heap before GC invocations=36 (full 0):
 garbage-first heap   total 327680K, used 254783K [0x0000000703800000, 0x0000000800000000)
  region size 2048K, 52 young (106496K), 7 survivors (14336K)
 Metaspace       used 67829K, committed 68224K, reserved 1114112K
  class space    used 7236K, committed 7424K, reserved 1048576K
}
Event: 26.282 GC heap after
{Heap after GC invocations=37 (full 0):
 garbage-first heap   total 327680K, used 177445K [0x0000000703800000, 0x0000000800000000)
  region size 2048K, 7 young (14336K), 7 survivors (14336K)
 Metaspace       used 67829K, committed 68224K, reserved 1114112K
  class space    used 7236K, committed 7424K, reserved 1048576K
}
Event: 26.306 GC heap before
{Heap before GC invocations=37 (full 0):
 garbage-first heap   total 327680K, used 179493K [0x0000000703800000, 0x0000000800000000)
  region size 2048K, 8 young (16384K), 7 survivors (14336K)
 Metaspace       used 67829K, committed 68224K, reserved 1114112K
  class space    used 7236K, committed 7424K, reserved 1048576K
}
Event: 26.330 GC heap after
{Heap after GC invocations=38 (full 0):
 garbage-first heap   total 509952K, used 178170K [0x0000000703800000, 0x0000000800000000)
  region size 2048K, 1 young (2048K), 1 survivors (2048K)
 Metaspace       used 67829K, committed 68224K, reserved 1114112K
  class space    used 7236K, committed 7424K, reserved 1048576K
}
Event: 30.034 GC heap before
{Heap before GC invocations=38 (full 0):
 garbage-first heap   total 509952K, used 393210K [0x0000000703800000, 0x0000000800000000)
  region size 2048K, 106 young (217088K), 1 survivors (2048K)
 Metaspace       used 75782K, committed 76160K, reserved 1179648K
  class space    used 7895K, committed 8064K, reserved 1048576K
}
Event: 30.076 GC heap after
{Heap after GC invocations=39 (full 0):
 garbage-first heap   total 509952K, used 217819K [0x0000000703800000, 0x0000000800000000)
  region size 2048K, 14 young (28672K), 14 survivors (28672K)
 Metaspace       used 75782K, committed 76160K, reserved 1179648K
  class space    used 7895K, committed 8064K, reserved 1048576K
}
Event: 31.248 GC heap before
{Heap before GC invocations=39 (full 0):
 garbage-first heap   total 509952K, used 379611K [0x0000000703800000, 0x0000000800000000)
  region size 2048K, 93 young (190464K), 14 survivors (28672K)
 Metaspace       used 76063K, committed 76416K, reserved 1179648K
  class space    used 7909K, committed 8064K, reserved 1048576K
}
Event: 31.315 GC heap after
{Heap after GC invocations=40 (full 0):
 garbage-first heap   total 509952K, used 256937K [0x0000000703800000, 0x0000000800000000)
  region size 2048K, 12 young (24576K), 12 survivors (24576K)
 Metaspace       used 76063K, committed 76416K, reserved 1179648K
  class space    used 7909K, committed 8064K, reserved 1048576K
}
Event: 32.985 GC heap before
{Heap before GC invocations=40 (full 0):
 garbage-first heap   total 509952K, used 390057K [0x0000000703800000, 0x0000000800000000)
  region size 2048K, 76 young (155648K), 12 survivors (24576K)
 Metaspace       used 79583K, committed 79872K, reserved 1179648K
  class space    used 8242K, committed 8384K, reserved 1048576K
}
Event: 33.034 GC heap after
{Heap after GC invocations=41 (full 0):
 garbage-first heap   total 509952K, used 279390K [0x0000000703800000, 0x0000000800000000)
  region size 2048K, 9 young (18432K), 9 survivors (18432K)
 Metaspace       used 79583K, committed 79872K, reserved 1179648K
  class space    used 8242K, committed 8384K, reserved 1048576K
}
Event: 35.224 GC heap before
{Heap before GC invocations=41 (full 0):
 garbage-first heap   total 509952K, used 400222K [0x0000000703800000, 0x0000000800000000)
  region size 2048K, 68 young (139264K), 9 survivors (18432K)
 Metaspace       used 84150K, committed 84480K, reserved 1179648K
  class space    used 8682K, committed 8832K, reserved 1048576K
}
Event: 35.257 GC heap after
{Heap after GC invocations=42 (full 0):
 garbage-first heap   total 509952K, used 285053K [0x0000000703800000, 0x0000000800000000)
  region size 2048K, 4 young (8192K), 4 survivors (8192K)
 Metaspace       used 84150K, committed 84480K, reserved 1179648K
  class space    used 8682K, committed 8832K, reserved 1048576K
}
Event: 36.674 GC heap before
{Heap before GC invocations=42 (full 0):
 garbage-first heap   total 509952K, used 407933K [0x0000000703800000, 0x0000000800000000)
  region size 2048K, 64 young (131072K), 4 survivors (8192K)
 Metaspace       used 84895K, committed 85248K, reserved 1179648K
  class space    used 8720K, committed 8896K, reserved 1048576K
}
Event: 36.692 GC heap after
{Heap after GC invocations=43 (full 0):
 garbage-first heap   total 509952K, used 288320K [0x0000000703800000, 0x0000000800000000)
  region size 2048K, 5 young (10240K), 5 survivors (10240K)
 Metaspace       used 84895K, committed 85248K, reserved 1179648K
  class space    used 8720K, committed 8896K, reserved 1048576K
}
Event: 37.748 GC heap before
{Heap before GC invocations=43 (full 0):
 garbage-first heap   total 509952K, used 415296K [0x0000000703800000, 0x0000000800000000)
  region size 2048K, 67 young (137216K), 5 survivors (10240K)
 Metaspace       used 85719K, committed 86208K, reserved 1179648K
  class space    used 8791K, committed 9024K, reserved 1048576K
}
Event: 37.772 GC heap after
{Heap after GC invocations=44 (full 0):
 garbage-first heap   total 509952K, used 292032K [0x0000000703800000, 0x0000000800000000)
  region size 2048K, 7 young (14336K), 7 survivors (14336K)
 Metaspace       used 85719K, committed 86208K, reserved 1179648K
  class space    used 8791K, committed 9024K, reserved 1048576K
}
Event: 39.114 GC heap before
{Heap before GC invocations=44 (full 0):
 garbage-first heap   total 509952K, used 421056K [0x0000000703800000, 0x0000000800000000)
  region size 2048K, 70 young (143360K), 7 survivors (14336K)
 Metaspace       used 89162K, committed 89600K, reserved 1179648K
  class space    used 9093K, committed 9280K, reserved 1048576K
}

